Using pre-set license

 COMMAND LINE ARGUMENTS:
/Applications/2020.3.6f1/Unity.app/Contents/MacOS/Unity
-adb2
-batchMode
-noUpm
-name
AssetImportWorker0
-projectPath
/Users/iwaikouhei/GitHub/RoleBattle
-logFile
Logs/AssetImportWorker0.log
-srvPort
56328
Successfully changed project path to: /Users/iwaikouhei/GitHub/RoleBattle
/Users/iwaikouhei/GitHub/RoleBattle
Using Asset Import Pipeline V2.
Refreshing native plugins compatible for Editor in 28.11 ms, found 1 plugins.
Preloading 0 native plugins for Editor in 0.00 ms.
Initialize engine version: 2020.3.6f1 (338bb68529b2)
[Subsystems] Discovering subsystems at path /Applications/2020.3.6f1/Unity.app/Contents/Resources/UnitySubsystems
[Subsystems] Discovering subsystems at path /Users/iwaikouhei/GitHub/RoleBattle/Assets
GfxDevice: creating device client; threaded=0
2021-09-26 04:13:39.002 Unity[92219:16643893] Color LCD preferred device: AMD Radeon Pro 560X (high power)
2021-09-26 04:13:39.002 Unity[92219:16643893] Metal devices available: 2
2021-09-26 04:13:39.002 Unity[92219:16643893] 0: AMD Radeon Pro 560X (high power)
2021-09-26 04:13:39.002 Unity[92219:16643893] 1: Intel(R) UHD Graphics 630 (low power)
2021-09-26 04:13:39.003 Unity[92219:16643893] Using device AMD Radeon Pro 560X (high power)
Initializing Metal device caps: AMD Radeon Pro 560X
Initialize mono
Mono path[0] = '/Applications/2020.3.6f1/Unity.app/Contents/Managed'
Mono path[1] = '/Applications/2020.3.6f1/Unity.app/Contents/MonoBleedingEdge/lib/mono/unityjit'
Mono config path = '/Applications/2020.3.6f1/Unity.app/Contents/MonoBleedingEdge/etc'
Using monoOptions --debugger-agent=transport=dt_socket,embedding=1,server=y,suspend=n,address=127.0.0.1:56219
Begin MonoManager ReloadAssembly
Registering precompiled unity dll's ...
Register platform support module: /Applications/2020.3.6f1/PlaybackEngines/WebGLSupport/UnityEditor.WebGL.Extensions.dll
Register platform support module: /Applications/2020.3.6f1/Unity.app/Contents/PlaybackEngines/MacStandaloneSupport/UnityEditor.OSXStandalone.Extensions.dll
Register platform support module: /Applications/2020.3.6f1/PlaybackEngines/WindowsStandaloneSupport/UnityEditor.WindowsStandalone.Extensions.dll
Register platform support module: /Applications/2020.3.6f1/PlaybackEngines/LinuxStandaloneSupport/UnityEditor.LinuxStandalone.Extensions.dll
Register platform support module: /Applications/2020.3.6f1/PlaybackEngines/LuminSupport/UnityEditor.Lumin.Extensions.dll
Registered in 0.003608 seconds.
Native extension for Lumin target not found
Native extension for LinuxStandalone target not found
Native extension for WindowsStandalone target not found
Native extension for OSXStandalone target not found
Native extension for WebGL target not found
Refreshing native plugins compatible for Editor in 20.66 ms, found 1 plugins.
Preloading 0 native plugins for Editor in 0.00 ms.
Mono: successfully reloaded assembly
- Completed reload, in  3.115 seconds
Platform modules already initialized, skipping
Registering precompiled user dll's ...
Registered in 0.000315 seconds.
Begin MonoManager ReloadAssembly
Native extension for Lumin target not found
Native extension for LinuxStandalone target not found
Native extension for WindowsStandalone target not found
Native extension for OSXStandalone target not found
Native extension for WebGL target not found
Refreshing native plugins compatible for Editor in 0.21 ms, found 1 plugins.
Preloading 0 native plugins for Editor in 0.00 ms.
Mono: successfully reloaded assembly
- Completed reload, in  1.122 seconds
Platform modules already initialized, skipping
========================================================================
Worker process is ready to serve import requests
Launching external process: /Applications/2020.3.6f1/Unity.app/Contents/Tools/UnityShaderCompiler
Launched and connected shader compiler UnityShaderCompiler after 0.01 seconds
Refreshing native plugins compatible for Editor in 0.22 ms, found 1 plugins.
Preloading 0 native plugins for Editor in 0.00 ms.
Unloading 1115 Unused Serialized files (Serialized files now loaded: 0)
System memory in use before: 118.6 MB.
System memory in use after: 118.7 MB.

Unloading 10 unused Assets to reduce memory usage. Loaded Objects now: 1557.
Total: 2.468139 ms (FindLiveObjects: 0.174905 ms CreateObjectMapping: 0.037931 ms MarkObjects: 2.127309 ms  DeleteObjects: 0.126009 ms)

========================================================================
Received Import Request.
  path: Assets/Scenes
  artifactKey: Guid(e98b51b73261e4e509f6db78f475f6ff) Importer(815301076,1909f56bfc062723c751e8b465ee728b)
Start importing Assets/Scenes using Guid(e98b51b73261e4e509f6db78f475f6ff) Importer(815301076,1909f56bfc062723c751e8b465ee728b)  -> (artifact id: 'e957b95b3ebc5445ad70d3689ddf2ee5') in 0.003321 seconds
  Import took 0.005277 seconds .

========================================================================
Received Import Request.
  Time since last request: 933.931799 seconds.
  path: Assets/MyGames
  artifactKey: Guid(55676d5e51b634ea186691a1d951a193) Importer(815301076,1909f56bfc062723c751e8b465ee728b)
Start importing Assets/MyGames using Guid(55676d5e51b634ea186691a1d951a193) Importer(815301076,1909f56bfc062723c751e8b465ee728b)  -> (artifact id: 'c50f9c31ab0414c23ea3db88884efd1a') in 0.004445 seconds
  Import took 0.023898 seconds .

========================================================================
Received Import Request.
  Time since last request: 9.395772 seconds.
  path: Assets/MyGames/1
  artifactKey: Guid(714363bbaa8d642a993aaf95a77e7341) Importer(815301076,1909f56bfc062723c751e8b465ee728b)
Start importing Assets/MyGames/1 using Guid(714363bbaa8d642a993aaf95a77e7341) Importer(815301076,1909f56bfc062723c751e8b465ee728b)  -> (artifact id: '080f91cee3b58f9c0940ee25ece4b518') in 0.001548 seconds
  Import took 0.005002 seconds .

========================================================================
Received Import Request.
  Time since last request: 2.006310 seconds.
  path: Assets/MyGames/1 1
  artifactKey: Guid(c4b636f3f60cf485b95b07469ccdafe6) Importer(815301076,1909f56bfc062723c751e8b465ee728b)
Start importing Assets/MyGames/1 1 using Guid(c4b636f3f60cf485b95b07469ccdafe6) Importer(815301076,1909f56bfc062723c751e8b465ee728b)  -> (artifact id: '4e1b65c292db35c4c0a1ed376fa6a527') in 0.001595 seconds
  Import took 0.004325 seconds .

========================================================================
Received Import Request.
  Time since last request: 0.491796 seconds.
  path: Assets/MyGames/1 2
  artifactKey: Guid(b74137a5de5de4631ad5c8c350753747) Importer(815301076,1909f56bfc062723c751e8b465ee728b)
Start importing Assets/MyGames/1 2 using Guid(b74137a5de5de4631ad5c8c350753747) Importer(815301076,1909f56bfc062723c751e8b465ee728b)  -> (artifact id: 'ad19dd2f40ff4ed7c882090f9023b256') in 0.001461 seconds
  Import took 0.003995 seconds .

========================================================================
Received Import Request.
  Time since last request: 0.181065 seconds.
  path: Assets/MyGames/1 3
  artifactKey: Guid(0aac7bc1b573a46eebdd14f551d1daaa) Importer(815301076,1909f56bfc062723c751e8b465ee728b)
Start importing Assets/MyGames/1 3 using Guid(0aac7bc1b573a46eebdd14f551d1daaa) Importer(815301076,1909f56bfc062723c751e8b465ee728b)  -> (artifact id: '32a0c5ea2eb1992417c734d237452859') in 0.001474 seconds
  Import took 0.004848 seconds .

========================================================================
Received Import Request.
  Time since last request: 0.154446 seconds.
  path: Assets/MyGames/1 4
  artifactKey: Guid(b7d7856515f0f45aea40a8a1b72b59f1) Importer(815301076,1909f56bfc062723c751e8b465ee728b)
Start importing Assets/MyGames/1 4 using Guid(b7d7856515f0f45aea40a8a1b72b59f1) Importer(815301076,1909f56bfc062723c751e8b465ee728b)  -> (artifact id: 'bbdd8f1e9ec281618a12f139a4c7d37f') in 0.001489 seconds
  Import took 0.005040 seconds .

========================================================================
Received Import Request.
  Time since last request: 0.172128 seconds.
  path: Assets/MyGames/1 5
  artifactKey: Guid(ee48e2f5a1e6644f7baa069388418641) Importer(815301076,1909f56bfc062723c751e8b465ee728b)
Start importing Assets/MyGames/1 5 using Guid(ee48e2f5a1e6644f7baa069388418641) Importer(815301076,1909f56bfc062723c751e8b465ee728b)  -> (artifact id: '56aa176a71d7080bb6aa195abf45093f') in 0.001548 seconds
  Import took 0.004657 seconds .

========================================================================
Received Import Request.
  Time since last request: 0.174781 seconds.
  path: Assets/MyGames/1 6
  artifactKey: Guid(dbd54403bb6cb4866ac9465738019cd6) Importer(815301076,1909f56bfc062723c751e8b465ee728b)
Start importing Assets/MyGames/1 6 using Guid(dbd54403bb6cb4866ac9465738019cd6) Importer(815301076,1909f56bfc062723c751e8b465ee728b)  -> (artifact id: 'b11f9b239955f9b5248686974f137e67') in 0.001580 seconds
  Import took 0.003675 seconds .

========================================================================
Received Import Request.
  Time since last request: 0.219823 seconds.
  path: Assets/MyGames/1 7
  artifactKey: Guid(fd997882f548d4f1c9bf5ff986406fb3) Importer(815301076,1909f56bfc062723c751e8b465ee728b)
Start importing Assets/MyGames/1 7 using Guid(fd997882f548d4f1c9bf5ff986406fb3) Importer(815301076,1909f56bfc062723c751e8b465ee728b)  -> (artifact id: 'ac6e438870050e10bb39628dfc705585') in 0.001486 seconds
  Import took 0.003434 seconds .

========================================================================
Received Import Request.
  Time since last request: 0.186788 seconds.
  path: Assets/MyGames/1 8
  artifactKey: Guid(c1b0f98a76f8f4d04a1b49574dd8d7c7) Importer(815301076,1909f56bfc062723c751e8b465ee728b)
Start importing Assets/MyGames/1 8 using Guid(c1b0f98a76f8f4d04a1b49574dd8d7c7) Importer(815301076,1909f56bfc062723c751e8b465ee728b)  -> (artifact id: 'fb19a35e3b6fa5836510d6a386486f1b') in 0.001462 seconds
  Import took 0.003920 seconds .

========================================================================
Received Import Request.
  Time since last request: 0.176855 seconds.
  path: Assets/MyGames/1 9
  artifactKey: Guid(bf4e188c113134001bded021a168cf4f) Importer(815301076,1909f56bfc062723c751e8b465ee728b)
Start importing Assets/MyGames/1 9 using Guid(bf4e188c113134001bded021a168cf4f) Importer(815301076,1909f56bfc062723c751e8b465ee728b)  -> (artifact id: '4970bc7adaa2026c169341552890ccd4') in 0.001447 seconds
  Import took 0.004378 seconds .

========================================================================
Received Import Request.
  Time since last request: 0.196887 seconds.
  path: Assets/MyGames/1 10
  artifactKey: Guid(7675230eadb034d4f8a632028bedd7c0) Importer(815301076,1909f56bfc062723c751e8b465ee728b)
Start importing Assets/MyGames/1 10 using Guid(7675230eadb034d4f8a632028bedd7c0) Importer(815301076,1909f56bfc062723c751e8b465ee728b)  -> (artifact id: '6a65bd0a81e7250220b5391155e44f1b') in 0.001527 seconds
  Import took 0.003651 seconds .

========================================================================
Received Import Request.
  Time since last request: 0.543032 seconds.
  path: Assets/MyGames/1 11
  artifactKey: Guid(4c880e5ccf55649ad97b050d0a6003e2) Importer(815301076,1909f56bfc062723c751e8b465ee728b)
Start importing Assets/MyGames/1 11 using Guid(4c880e5ccf55649ad97b050d0a6003e2) Importer(815301076,1909f56bfc062723c751e8b465ee728b)  -> (artifact id: '8632026bf94090b247d9ef1a995e48ca') in 0.001449 seconds
  Import took 0.003315 seconds .

========================================================================
Received Import Request.
  Time since last request: 11.416414 seconds.
  path: Assets/MyGames/Scripts
  artifactKey: Guid(714363bbaa8d642a993aaf95a77e7341) Importer(815301076,1909f56bfc062723c751e8b465ee728b)
Start importing Assets/MyGames/Scripts using Guid(714363bbaa8d642a993aaf95a77e7341) Importer(815301076,1909f56bfc062723c751e8b465ee728b)  -> (artifact id: 'af2de8a48b9d43baeb9de2f710acdd0b') in 0.000916 seconds
  Import took 0.003063 seconds .

========================================================================
Received Import Request.
  Time since last request: 6.709279 seconds.
  path: Assets/MyGames/Prefabs
  artifactKey: Guid(c4b636f3f60cf485b95b07469ccdafe6) Importer(815301076,1909f56bfc062723c751e8b465ee728b)
Start importing Assets/MyGames/Prefabs using Guid(c4b636f3f60cf485b95b07469ccdafe6) Importer(815301076,1909f56bfc062723c751e8b465ee728b)  -> (artifact id: '070d853158277291ac3b36c007a781eb') in 0.001031 seconds
  Import took 0.003378 seconds .

========================================================================
Received Import Request.
  Time since last request: 8.444200 seconds.
  path: Assets/MyGames/Textures
  artifactKey: Guid(b74137a5de5de4631ad5c8c350753747) Importer(815301076,1909f56bfc062723c751e8b465ee728b)
Start importing Assets/MyGames/Textures using Guid(b74137a5de5de4631ad5c8c350753747) Importer(815301076,1909f56bfc062723c751e8b465ee728b)  -> (artifact id: '255e264e832f7da0faab63b1457a9723') in 0.000938 seconds
  Import took 0.003045 seconds .

========================================================================
Received Import Request.
  Time since last request: 6.667230 seconds.
  path: Assets/MyGames/Sounds
  artifactKey: Guid(0aac7bc1b573a46eebdd14f551d1daaa) Importer(815301076,1909f56bfc062723c751e8b465ee728b)
Start importing Assets/MyGames/Sounds using Guid(0aac7bc1b573a46eebdd14f551d1daaa) Importer(815301076,1909f56bfc062723c751e8b465ee728b)  -> (artifact id: 'b648df3e0940af3f9fb54325e41326ae') in 0.000923 seconds
  Import took 0.003405 seconds .

========================================================================
Received Import Request.
  Time since last request: 5.228747 seconds.
  path: Assets/MyGames/Animations
  artifactKey: Guid(b7d7856515f0f45aea40a8a1b72b59f1) Importer(815301076,1909f56bfc062723c751e8b465ee728b)
Start importing Assets/MyGames/Animations using Guid(b7d7856515f0f45aea40a8a1b72b59f1) Importer(815301076,1909f56bfc062723c751e8b465ee728b)  -> (artifact id: '4ee12cf0c85b9505898629ec8445b412') in 0.000909 seconds
  Import took 0.002717 seconds .

========================================================================
Received Import Request.
  Time since last request: 13.533585 seconds.
  path: Assets/MyGames/ScriptableObjects
  artifactKey: Guid(ee48e2f5a1e6644f7baa069388418641) Importer(815301076,1909f56bfc062723c751e8b465ee728b)
Start importing Assets/MyGames/ScriptableObjects using Guid(ee48e2f5a1e6644f7baa069388418641) Importer(815301076,1909f56bfc062723c751e8b465ee728b)  -> (artifact id: '7ea49082a68b3dde0f64f90d94b7935e') in 0.001014 seconds
  Import took 0.003101 seconds .

========================================================================
Received Import Request.
  Time since last request: 16.266395 seconds.
  path: Assets/MyGames/Bgm
  artifactKey: Guid(dbd54403bb6cb4866ac9465738019cd6) Importer(815301076,1909f56bfc062723c751e8b465ee728b)
Start importing Assets/MyGames/Bgm using Guid(dbd54403bb6cb4866ac9465738019cd6) Importer(815301076,1909f56bfc062723c751e8b465ee728b)  -> (artifact id: 'a02683a13ebbb81e109016f34604f6c7') in 0.000967 seconds
  Import took 0.003085 seconds .

========================================================================
Received Import Request.
  Time since last request: 3.080982 seconds.
  path: Assets/MyGames/SE
  artifactKey: Guid(fd997882f548d4f1c9bf5ff986406fb3) Importer(815301076,1909f56bfc062723c751e8b465ee728b)
Start importing Assets/MyGames/SE using Guid(fd997882f548d4f1c9bf5ff986406fb3) Importer(815301076,1909f56bfc062723c751e8b465ee728b)  -> (artifact id: 'e233009175a80673e086bca7f556a38e') in 0.000938 seconds
  Import took 0.003586 seconds .

========================================================================
Received Import Request.
  Time since last request: 19.958966 seconds.
  path: Assets/MyGames/Interface
  artifactKey: Guid(4c880e5ccf55649ad97b050d0a6003e2) Importer(815301076,1909f56bfc062723c751e8b465ee728b)
Start importing Assets/MyGames/Interface using Guid(4c880e5ccf55649ad97b050d0a6003e2) Importer(815301076,1909f56bfc062723c751e8b465ee728b)  -> (artifact id: '79a8ef81557b6528e776952b1c61b5a6') in 0.000932 seconds
  Import took 0.003260 seconds .

========================================================================
Received Import Request.
  Time since last request: 16.111948 seconds.
  path: Assets/MyGames/Monobehaviour
  artifactKey: Guid(7675230eadb034d4f8a632028bedd7c0) Importer(815301076,1909f56bfc062723c751e8b465ee728b)
Start importing Assets/MyGames/Monobehaviour using Guid(7675230eadb034d4f8a632028bedd7c0) Importer(815301076,1909f56bfc062723c751e8b465ee728b)  -> (artifact id: '64637158e3d57bb790c25ca54f6a8a13') in 0.000926 seconds
  Import took 0.003167 seconds .

========================================================================
Received Import Request.
  Time since last request: 5.682612 seconds.
  path: Assets/MyGames/Enum
  artifactKey: Guid(bf4e188c113134001bded021a168cf4f) Importer(815301076,1909f56bfc062723c751e8b465ee728b)
Start importing Assets/MyGames/Enum using Guid(bf4e188c113134001bded021a168cf4f) Importer(815301076,1909f56bfc062723c751e8b465ee728b)  -> (artifact id: 'd99995b7d8c00b50863c4cc6ea4b7c27') in 0.000919 seconds
  Import took 0.002745 seconds .

========================================================================
Received Import Request.
  Time since last request: 5.555224 seconds.
  path: Assets/MyGames/Utility
  artifactKey: Guid(c1b0f98a76f8f4d04a1b49574dd8d7c7) Importer(815301076,1909f56bfc062723c751e8b465ee728b)
Start importing Assets/MyGames/Utility using Guid(c1b0f98a76f8f4d04a1b49574dd8d7c7) Importer(815301076,1909f56bfc062723c751e8b465ee728b)  -> (artifact id: '9d362a54bcd8f0141cff8ed97c80b47e') in 0.000961 seconds
  Import took 0.002800 seconds .

========================================================================
Received Import Request.
  Time since last request: 61.477847 seconds.
  path: Assets/MyGames/Scenes/SampleScene.unity
  artifactKey: Guid(9fc0d4010bbf28b4594072e72b8655ab) Importer(815301076,1909f56bfc062723c751e8b465ee728b)
Start importing Assets/MyGames/Scenes/SampleScene.unity using Guid(9fc0d4010bbf28b4594072e72b8655ab) Importer(815301076,1909f56bfc062723c751e8b465ee728b)  -> (artifact id: '3106d81e14175b7109796116b50b2db6') in 0.068866 seconds
  Import took 0.071776 seconds .

========================================================================
Received Import Request.
  Time since last request: 3.741426 seconds.
  path: Assets/MyGames/Scenes/SampleScene 1.unity
  artifactKey: Guid(c9b8d8ae4936f4a51ae3f74d56532d16) Importer(815301076,1909f56bfc062723c751e8b465ee728b)
Start importing Assets/MyGames/Scenes/SampleScene 1.unity using Guid(c9b8d8ae4936f4a51ae3f74d56532d16) Importer(815301076,1909f56bfc062723c751e8b465ee728b)  -> (artifact id: '58f50e163c7ba55dbaaa9345a9fd62e4') in 0.002202 seconds
  Import took 0.004771 seconds .

========================================================================
Received Import Request.
  Time since last request: 49.553745 seconds.
  path: Assets/MyGames/Fonts
  artifactKey: Guid(d1b31d6ac604340ee811fd54d9e02be0) Importer(815301076,1909f56bfc062723c751e8b465ee728b)
Start importing Assets/MyGames/Fonts using Guid(d1b31d6ac604340ee811fd54d9e02be0) Importer(815301076,1909f56bfc062723c751e8b465ee728b)  -> (artifact id: '2fa47e3a3d8f38453d6dbb8ee55e0900') in 0.002164 seconds
  Import took 0.004488 seconds .

========================================================================
Received Import Request.
  Time since last request: 6.289369 seconds.
  path: Assets/MyGames/Materials
  artifactKey: Guid(fa885e1d8fd7c475abcc15c48d908425) Importer(815301076,1909f56bfc062723c751e8b465ee728b)
Start importing Assets/MyGames/Materials using Guid(fa885e1d8fd7c475abcc15c48d908425) Importer(815301076,1909f56bfc062723c751e8b465ee728b)  -> (artifact id: '8c849b21f350127376098c9b865efdeb') in 0.002091 seconds
  Import took 0.004572 seconds .

========================================================================
Received Prepare
Registering precompiled user dll's ...
Registered in 0.000391 seconds.
Begin MonoManager ReloadAssembly
Native extension for Lumin target not found
Native extension for LinuxStandalone target not found
Native extension for WindowsStandalone target not found
Native extension for OSXStandalone target not found
Native extension for WebGL target not found
Refreshing native plugins compatible for Editor in 0.20 ms, found 1 plugins.
Preloading 0 native plugins for Editor in 0.00 ms.
Mono: successfully reloaded assembly
- Completed reload, in  1.048 seconds
Platform modules already initialized, skipping
Refreshing native plugins compatible for Editor in 0.20 ms, found 1 plugins.
Preloading 0 native plugins for Editor in 0.00 ms.
Unloading 1118 Unused Serialized files (Serialized files now loaded: 0)
System memory in use before: 119.7 MB.
System memory in use after: 119.8 MB.

Unloading 5 unused Assets to reduce memory usage. Loaded Objects now: 1568.
Total: 2.572419 ms (FindLiveObjects: 0.251932 ms CreateObjectMapping: 0.041176 ms MarkObjects: 2.188850 ms  DeleteObjects: 0.088911 ms)

========================================================================
Received Import Request.
  Time since last request: 4641.837893 seconds.
  path: Assets/MyGames/Scenes/Battle.unity
  artifactKey: Guid(1acc17fb89b3e4c939450a073266f46c) Importer(815301076,1909f56bfc062723c751e8b465ee728b)
Start importing Assets/MyGames/Scenes/Battle.unity using Guid(1acc17fb89b3e4c939450a073266f46c) Importer(815301076,1909f56bfc062723c751e8b465ee728b)  -> (artifact id: 'dca6bcaf8163c6b96cad5aabac852ad6') in 0.012681 seconds
  Import took 0.016058 seconds .

========================================================================
Received Import Request.
  Time since last request: 0.000785 seconds.
  path: Assets/MyGames/Scenes/Battle.unity
  artifactKey: Guid(1acc17fb89b3e4c939450a073266f46c) Importer(815301076,1909f56bfc062723c751e8b465ee728b)
Start importing Assets/MyGames/Scenes/Battle.unity using Guid(1acc17fb89b3e4c939450a073266f46c) Importer(815301076,1909f56bfc062723c751e8b465ee728b)  -> (artifact id: 'dca6bcaf8163c6b96cad5aabac852ad6') in 0.001286 seconds
  Import took 0.003364 seconds .

========================================================================
Received Import Request.
  Time since last request: 16.822208 seconds.
  path: Assets/MyGames/Scenes/Battle 1.unity
  artifactKey: Guid(671a47f0070cb4b2bab8cc1bcb676914) Importer(815301076,1909f56bfc062723c751e8b465ee728b)
Start importing Assets/MyGames/Scenes/Battle 1.unity using Guid(671a47f0070cb4b2bab8cc1bcb676914) Importer(815301076,1909f56bfc062723c751e8b465ee728b)  -> (artifact id: 'fbdfb1b9cad48b5d00e82d9c7ced50e9') in 0.002860 seconds
  Import took 0.005070 seconds .

========================================================================
Received Import Request.
  Time since last request: 10.509557 seconds.
  path: Assets/MyGames/Scenes/Battle.unity
  artifactKey: Guid(671a47f0070cb4b2bab8cc1bcb676914) Importer(815301076,1909f56bfc062723c751e8b465ee728b)
Start importing Assets/MyGames/Scenes/Battle.unity using Guid(671a47f0070cb4b2bab8cc1bcb676914) Importer(815301076,1909f56bfc062723c751e8b465ee728b)  -> (artifact id: '654588c9349417f1f4b58c885dc6f140') in 0.001335 seconds
  Import took 0.004086 seconds .

========================================================================
Received Import Request.
  Time since last request: 2728.401836 seconds.
  path: Assets/MyGames/Textures/Cards
  artifactKey: Guid(bbd69a1fff0f843b3885279eb21650d7) Importer(815301076,1909f56bfc062723c751e8b465ee728b)
Start importing Assets/MyGames/Textures/Cards using Guid(bbd69a1fff0f843b3885279eb21650d7) Importer(815301076,1909f56bfc062723c751e8b465ee728b)  -> (artifact id: '78d4d7c211b1a3dca99c35fe51b7f6b5') in 0.015865 seconds
  Import took 0.074224 seconds .

========================================================================
Received Import Request.
  Time since last request: 1735.165112 seconds.
  path: Assets/Aekashics Librarium - Megapack III/Demo/Demo.unity
  artifactKey: Guid(2cda990e2423bbf4892e6590ba056729) Importer(815301076,1909f56bfc062723c751e8b465ee728b)
Start importing Assets/Aekashics Librarium - Megapack III/Demo/Demo.unity using Guid(2cda990e2423bbf4892e6590ba056729) Importer(815301076,1909f56bfc062723c751e8b465ee728b)  -> (artifact id: 'ef68610b749a61489a644cc02b67ab3d') in 0.067254 seconds
  Import took 0.090800 seconds .

========================================================================
Received Import Request.
  Time since last request: 22.840937 seconds.
  path: Assets/MyGames/Scenes/Battle.unity
  artifactKey: Guid(671a47f0070cb4b2bab8cc1bcb676914) Importer(815301076,1909f56bfc062723c751e8b465ee728b)
Start importing Assets/MyGames/Scenes/Battle.unity using Guid(671a47f0070cb4b2bab8cc1bcb676914) Importer(815301076,1909f56bfc062723c751e8b465ee728b)  -> (artifact id: 'f8c0e573084ad3d355ad9cedd837b92a') in 0.007849 seconds
  Import took 0.011576 seconds .

========================================================================
Received Import Request.
  Time since last request: 3.171545 seconds.
  path: Assets/Aekashics Librarium - Megapack III
  artifactKey: Guid(9fd2f9be1be64409d9e41ee856a3d888) Importer(815301076,1909f56bfc062723c751e8b465ee728b)
Start importing Assets/Aekashics Librarium - Megapack III using Guid(9fd2f9be1be64409d9e41ee856a3d888) Importer(815301076,1909f56bfc062723c751e8b465ee728b)  -> (artifact id: '4ddbb27005750190f5a8782fbcfddbd8') in 0.002907 seconds
  Import took 0.005163 seconds .

========================================================================
Received Import Request.
  Time since last request: 1557.620496 seconds.
  path: Assets/MyGames/Textures/Cards/Ilusts
  artifactKey: Guid(567a55d372cbc4d15861e6f2a523a898) Importer(815301076,1909f56bfc062723c751e8b465ee728b)
Start importing Assets/MyGames/Textures/Cards/Ilusts using Guid(567a55d372cbc4d15861e6f2a523a898) Importer(815301076,1909f56bfc062723c751e8b465ee728b)  -> (artifact id: '5124b98de76c68785c0dc4285a4a20c9') in 0.004157 seconds
  Import took 0.007849 seconds .

========================================================================
Received Import Request.
  Time since last request: 84.083338 seconds.
  path: Assets/MyGames/Textures/Cards/Ilusts/m39.png
  artifactKey: Guid(e27cfda61c9734137a957f067f45cf23) Importer(815301076,1909f56bfc062723c751e8b465ee728b)
Start importing Assets/MyGames/Textures/Cards/Ilusts/m39.png using Guid(e27cfda61c9734137a957f067f45cf23) Importer(815301076,1909f56bfc062723c751e8b465ee728b)  -> (artifact id: 'ce73b99c40f3c3cdd163f2cb9712bf7e') in 1.643927 seconds
  Import took 1.646973 seconds .

========================================================================
Received Import Request.
  Time since last request: 50.088703 seconds.
  path: Assets/MyGames/Textures/Cards/Ilusts/m4.png
  artifactKey: Guid(d7146e0a7693e4c3b942cfec4437a391) Importer(815301076,1909f56bfc062723c751e8b465ee728b)
Start importing Assets/MyGames/Textures/Cards/Ilusts/m4.png using Guid(d7146e0a7693e4c3b942cfec4437a391) Importer(815301076,1909f56bfc062723c751e8b465ee728b)  -> (artifact id: '24b2f2d986471a5680cac63afcb11f23') in 0.021438 seconds
  Import took 0.024565 seconds .

========================================================================
Received Import Request.
  Time since last request: 0.000309 seconds.
  path: Assets/MyGames/Textures/Cards/Ilusts/m19.png
  artifactKey: Guid(d54e3be19f0fd49d78a090599f8ec759) Importer(815301076,1909f56bfc062723c751e8b465ee728b)
Start importing Assets/MyGames/Textures/Cards/Ilusts/m19.png using Guid(d54e3be19f0fd49d78a090599f8ec759) Importer(815301076,1909f56bfc062723c751e8b465ee728b)  -> (artifact id: '68051185c7146aac706f136b8e890bd4') in 0.023800 seconds
  Import took 0.026352 seconds .

========================================================================
Received Import Request.
  Time since last request: 32.841111 seconds.
  path: Assets/MyGames/Textures/Cards/Ilusts/Devil.png
  artifactKey: Guid(e27cfda61c9734137a957f067f45cf23) Importer(815301076,1909f56bfc062723c751e8b465ee728b)
Start importing Assets/MyGames/Textures/Cards/Ilusts/Devil.png using Guid(e27cfda61c9734137a957f067f45cf23) Importer(815301076,1909f56bfc062723c751e8b465ee728b)  -> (artifact id: 'b16f5b72fe33b050f124e9d293a49887') in 0.018874 seconds
  Import took 0.021140 seconds .

========================================================================
Received Import Request.
  Time since last request: 18.570422 seconds.
  path: Assets/MyGames/Textures/Cards/Ilusts/Princess.png
  artifactKey: Guid(d7146e0a7693e4c3b942cfec4437a391) Importer(815301076,1909f56bfc062723c751e8b465ee728b)
Start importing Assets/MyGames/Textures/Cards/Ilusts/Princess.png using Guid(d7146e0a7693e4c3b942cfec4437a391) Importer(815301076,1909f56bfc062723c751e8b465ee728b)  -> (artifact id: 'a2c11e15649a29a448bb00a7ac35c7e1') in 0.018520 seconds
  Import took 0.020748 seconds .

========================================================================
Received Import Request.
  Time since last request: 7.740838 seconds.
  path: Assets/MyGames/Textures/Cards/Ilusts/Knight.png
  artifactKey: Guid(d54e3be19f0fd49d78a090599f8ec759) Importer(815301076,1909f56bfc062723c751e8b465ee728b)
Start importing Assets/MyGames/Textures/Cards/Ilusts/Knight.png using Guid(d54e3be19f0fd49d78a090599f8ec759) Importer(815301076,1909f56bfc062723c751e8b465ee728b)  -> (artifact id: '8783daeb5fc084c45ab9e78d50d3f32e') in 0.045563 seconds
  Import took 0.048037 seconds .

========================================================================
Received Import Request.
  Time since last request: 794.957516 seconds.
  path: Assets/MyGames/Prefabs/Card.prefab
  artifactKey: Guid(2d2aebec91da447d7964d811b2ea2488) Importer(815301076,1909f56bfc062723c751e8b465ee728b)
Start importing Assets/MyGames/Prefabs/Card.prefab using Guid(2d2aebec91da447d7964d811b2ea2488) Importer(815301076,1909f56bfc062723c751e8b465ee728b)  -> (artifact id: '0be6fc7885e1011a064aab1f13ae615e') in 1.724996 seconds
  Import took 1.728432 seconds .

========================================================================
Received Import Request.
  Time since last request: 0.000190 seconds.
  path: Assets/MyGames/Prefabs/Card.prefab
  artifactKey: Guid(2d2aebec91da447d7964d811b2ea2488) Importer(815301076,1909f56bfc062723c751e8b465ee728b)
Start importing Assets/MyGames/Prefabs/Card.prefab using Guid(2d2aebec91da447d7964d811b2ea2488) Importer(815301076,1909f56bfc062723c751e8b465ee728b)  -> (artifact id: '0be6fc7885e1011a064aab1f13ae615e') in 0.003489 seconds
  Import took 0.005888 seconds .

========================================================================
Received Import Request.
  Time since last request: 1187.927212 seconds.
  path: Assets/MyGames/Prefabs/Card.prefab
  artifactKey: Guid(2d2aebec91da447d7964d811b2ea2488) Importer(815301076,1909f56bfc062723c751e8b465ee728b)
Start importing Assets/MyGames/Prefabs/Card.prefab using Guid(2d2aebec91da447d7964d811b2ea2488) Importer(815301076,1909f56bfc062723c751e8b465ee728b)  -> (artifact id: '034745f03c5bd758581aad2a5f059e66') in 0.004025 seconds
  Import took 0.006213 seconds .

========================================================================
Received Import Request.
  Time since last request: 1257.172362 seconds.
  path: Assets/MyGames/Textures/PointField
  artifactKey: Guid(91873227adaea4e7caecf3622e2ee27a) Importer(815301076,1909f56bfc062723c751e8b465ee728b)
Start importing Assets/MyGames/Textures/PointField using Guid(91873227adaea4e7caecf3622e2ee27a) Importer(815301076,1909f56bfc062723c751e8b465ee728b)  -> (artifact id: '5ab65f32007e27642573265dcd75ec5b') in 0.003209 seconds
  Import took 0.005411 seconds .

========================================================================
Received Import Request.
  Time since last request: 4.167631 seconds.
  path: Assets/MyGames/Textures/Card
  artifactKey: Guid(bbd69a1fff0f843b3885279eb21650d7) Importer(815301076,1909f56bfc062723c751e8b465ee728b)
Start importing Assets/MyGames/Textures/Card using Guid(bbd69a1fff0f843b3885279eb21650d7) Importer(815301076,1909f56bfc062723c751e8b465ee728b)  -> (artifact id: '3bd5238758204524e9c7ff4affa04161') in 0.001015 seconds
  Import took 0.004459 seconds .

========================================================================
Received Import Request.
  Time since last request: 65.027410 seconds.
  path: Assets/MyGames/Textures/PointField/Frames
  artifactKey: Guid(a19580da16a4b4a52bb550778724c934) Importer(815301076,1909f56bfc062723c751e8b465ee728b)
Start importing Assets/MyGames/Textures/PointField/Frames using Guid(a19580da16a4b4a52bb550778724c934) Importer(815301076,1909f56bfc062723c751e8b465ee728b)  -> (artifact id: 'f2ae0117aff51b050c2e9a9f0af3289c') in 0.002614 seconds
  Import took 0.004806 seconds .

========================================================================
Received Import Request.
  Time since last request: 106.489627 seconds.
  path: Assets/MyGames/Textures/PointField/Frames/eichi_RARE_back.png
  artifactKey: Guid(ea2c1bf48e42d4f82866a9095f1aee0b) Importer(815301076,1909f56bfc062723c751e8b465ee728b)
Start importing Assets/MyGames/Textures/PointField/Frames/eichi_RARE_back.png using Guid(ea2c1bf48e42d4f82866a9095f1aee0b) Importer(815301076,1909f56bfc062723c751e8b465ee728b)  -> (artifact id: 'e6631161986f03b72b8deecb6d6994ad') in 0.052102 seconds
  Import took 0.055565 seconds .

========================================================================
Received Import Request.
  Time since last request: 16.056548 seconds.
  path: Assets/MyGames/Textures/PointField/Frames/PointField.png
  artifactKey: Guid(ea2c1bf48e42d4f82866a9095f1aee0b) Importer(815301076,1909f56bfc062723c751e8b465ee728b)
Start importing Assets/MyGames/Textures/PointField/Frames/PointField.png using Guid(ea2c1bf48e42d4f82866a9095f1aee0b) Importer(815301076,1909f56bfc062723c751e8b465ee728b)  -> (artifact id: '14d2ef6956c27be8b2fc75f2d594b2a3') in 0.018714 seconds
  Import took 0.021043 seconds .

========================================================================
Received Import Request.
  Time since last request: 9.200496 seconds.
  path: Assets/MyGames/Textures/PointField/Frames/PointField1P.png
  artifactKey: Guid(ea2c1bf48e42d4f82866a9095f1aee0b) Importer(815301076,1909f56bfc062723c751e8b465ee728b)
Start importing Assets/MyGames/Textures/PointField/Frames/PointField1P.png using Guid(ea2c1bf48e42d4f82866a9095f1aee0b) Importer(815301076,1909f56bfc062723c751e8b465ee728b)  -> (artifact id: '64f1f615766e68c6b5c023b4d59c624c') in 0.019891 seconds
  Import took 0.022068 seconds .

========================================================================
Received Import Request.
  Time since last request: 57.612174 seconds.
  path: Assets/MyGames/Textures/PointField/Frames/yuuai_RARE_back.png
  artifactKey: Guid(5b99239aa6ef04e7ba0f13d1d6d19983) Importer(815301076,1909f56bfc062723c751e8b465ee728b)
Start importing Assets/MyGames/Textures/PointField/Frames/yuuai_RARE_back.png using Guid(5b99239aa6ef04e7ba0f13d1d6d19983) Importer(815301076,1909f56bfc062723c751e8b465ee728b)  -> (artifact id: '650ba795aeaee92ebbb43dae094f5757') in 0.041604 seconds
  Import took 0.044161 seconds .

========================================================================
Received Import Request.
  Time since last request: 6.976197 seconds.
  path: Assets/MyGames/Textures/PointField/Frames/PointField2P.png
  artifactKey: Guid(5b99239aa6ef04e7ba0f13d1d6d19983) Importer(815301076,1909f56bfc062723c751e8b465ee728b)
Start importing Assets/MyGames/Textures/PointField/Frames/PointField2P.png using Guid(5b99239aa6ef04e7ba0f13d1d6d19983) Importer(815301076,1909f56bfc062723c751e8b465ee728b)  -> (artifact id: 'c509c25ec4148931cca4291e4854a57b') in 0.052525 seconds
  Import took 0.054718 seconds .

========================================================================
Received Import Request.
  Time since last request: 382.282009 seconds.
  path: Assets/MyGames/Textures/PointField/Frames/yuuai_RARE_back_2.png
  artifactKey: Guid(d4b1a9c3fe41848e1829537bc7358b9b) Importer(815301076,1909f56bfc062723c751e8b465ee728b)
Start importing Assets/MyGames/Textures/PointField/Frames/yuuai_RARE_back_2.png using Guid(d4b1a9c3fe41848e1829537bc7358b9b) Importer(815301076,1909f56bfc062723c751e8b465ee728b)  -> (artifact id: '84a1ca5f1565fec8f4aff972fa9b565c') in 0.024131 seconds
  Import took 0.028243 seconds .

========================================================================
Received Import Request.
  Time since last request: 10.575782 seconds.
  path: Assets/MyGames/Textures/PointField/Frames/PointField2P.png
  artifactKey: Guid(d4b1a9c3fe41848e1829537bc7358b9b) Importer(815301076,1909f56bfc062723c751e8b465ee728b)
Start importing Assets/MyGames/Textures/PointField/Frames/PointField2P.png using Guid(d4b1a9c3fe41848e1829537bc7358b9b) Importer(815301076,1909f56bfc062723c751e8b465ee728b)  -> (artifact id: 'd2bb4d0c1729596b96c7acf7ed7029c5') in 0.017154 seconds
  Import took 0.019528 seconds .

========================================================================
Received Import Request.
  Time since last request: 428.312086 seconds.
  path: Assets/MyGames/Textures/PointField/Ilusts
  artifactKey: Guid(91ac9ad40976f492686fe0330819177e) Importer(815301076,1909f56bfc062723c751e8b465ee728b)
Start importing Assets/MyGames/Textures/PointField/Ilusts using Guid(91ac9ad40976f492686fe0330819177e) Importer(815301076,1909f56bfc062723c751e8b465ee728b)  -> (artifact id: '3ed1f2197a529f54f05ebaf9fac010f3') in 0.002253 seconds
  Import took 0.004845 seconds .

========================================================================
Received Import Request.
  Time since last request: 652.894163 seconds.
  path: Assets/MyGames/Textures/PointField/Ilusts/player1_image_01.png
  artifactKey: Guid(b7e9bdb4f086b49e6b9ea415384ebace) Importer(815301076,1909f56bfc062723c751e8b465ee728b)
Start importing Assets/MyGames/Textures/PointField/Ilusts/player1_image_01.png using Guid(b7e9bdb4f086b49e6b9ea415384ebace) Importer(815301076,1909f56bfc062723c751e8b465ee728b)  -> (artifact id: '24f885c036ed55b007e183367d66c9c5') in 0.060702 seconds
  Import took 0.063672 seconds .

========================================================================
Received Import Request.
  Time since last request: 436.355344 seconds.
  path: Assets/MyGames/Textures/PointField/Ilusts/player1_image_01.png
  artifactKey: Guid(b7e9bdb4f086b49e6b9ea415384ebace) Importer(815301076,1909f56bfc062723c751e8b465ee728b)
Start importing Assets/MyGames/Textures/PointField/Ilusts/player1_image_01.png using Guid(b7e9bdb4f086b49e6b9ea415384ebace) Importer(815301076,1909f56bfc062723c751e8b465ee728b)  -> (artifact id: 'd01e8b16ed019d9b1510bd7db338e11a') in 0.051341 seconds
  Import took 0.053546 seconds .

========================================================================
Received Import Request.
  Time since last request: 417.974039 seconds.
  path: Assets/MyGames/Textures/PointField/Ilusts/player1_image_01_short.png
  artifactKey: Guid(d224bd65eddbc48a4a1ca4d19171a5bc) Importer(815301076,1909f56bfc062723c751e8b465ee728b)
Start importing Assets/MyGames/Textures/PointField/Ilusts/player1_image_01_short.png using Guid(d224bd65eddbc48a4a1ca4d19171a5bc) Importer(815301076,1909f56bfc062723c751e8b465ee728b)  -> (artifact id: '5270ff535099bb6ee75ccd8470a1a0b3') in 0.015123 seconds
  Import took 0.017675 seconds .

========================================================================
Received Import Request.
  Time since last request: 4.526306 seconds.
  path: Assets/MyGames/Textures/PointField/Ilusts/player1_image_01.png
  artifactKey: Guid(d224bd65eddbc48a4a1ca4d19171a5bc) Importer(815301076,1909f56bfc062723c751e8b465ee728b)
Start importing Assets/MyGames/Textures/PointField/Ilusts/player1_image_01.png using Guid(d224bd65eddbc48a4a1ca4d19171a5bc) Importer(815301076,1909f56bfc062723c751e8b465ee728b)  -> (artifact id: 'c0346c1ad0c33f12597aaf214d9cea10') in 0.045108 seconds
  Import took 0.047278 seconds .

========================================================================
Received Import Request.
  Time since last request: 542.329071 seconds.
  path: Assets/MyGames/Textures/PointField/Ilusts/player1_image_01.png
  artifactKey: Guid(d224bd65eddbc48a4a1ca4d19171a5bc) Importer(815301076,1909f56bfc062723c751e8b465ee728b)
Start importing Assets/MyGames/Textures/PointField/Ilusts/player1_image_01.png using Guid(d224bd65eddbc48a4a1ca4d19171a5bc) Importer(815301076,1909f56bfc062723c751e8b465ee728b)  -> (artifact id: '755628501eddbccf8034a1e0196857a4') in 0.018861 seconds
  Import took 0.021794 seconds .

========================================================================
Received Import Request.
  Time since last request: 387.097611 seconds.
  path: Assets/MyGames/Textures/PointField/Ilusts/player1_image_01_top.png
  artifactKey: Guid(ac685f9fed51c4ca08bc619d070a6572) Importer(815301076,1909f56bfc062723c751e8b465ee728b)
Start importing Assets/MyGames/Textures/PointField/Ilusts/player1_image_01_top.png using Guid(ac685f9fed51c4ca08bc619d070a6572) Importer(815301076,1909f56bfc062723c751e8b465ee728b)  -> (artifact id: '546bb4f744f902a140b3562ab9a1b9d3') in 0.017536 seconds
  Import took 0.019733 seconds .

========================================================================
Received Import Request.
  Time since last request: 539.070790 seconds.
  path: Assets/MyGames/Textures/PointField/Frames/PointField1P_old.png
  artifactKey: Guid(ea2c1bf48e42d4f82866a9095f1aee0b) Importer(815301076,1909f56bfc062723c751e8b465ee728b)
Start importing Assets/MyGames/Textures/PointField/Frames/PointField1P_old.png using Guid(ea2c1bf48e42d4f82866a9095f1aee0b) Importer(815301076,1909f56bfc062723c751e8b465ee728b)  -> (artifact id: '897647847e6369a972100a7d1bacfcef') in 0.015757 seconds
  Import took 0.018100 seconds .

========================================================================
Received Import Request.
  Time since last request: 1.063398 seconds.
  path: Assets/MyGames/Textures/PointField/Frames/eichi_RARE_back.png
  artifactKey: Guid(eb4b18877dd134cecac72f305a11ea4a) Importer(815301076,1909f56bfc062723c751e8b465ee728b)
Start importing Assets/MyGames/Textures/PointField/Frames/eichi_RARE_back.png using Guid(eb4b18877dd134cecac72f305a11ea4a) Importer(815301076,1909f56bfc062723c751e8b465ee728b)  -> (artifact id: '222d349ddc16e8c154832732ee3d6f17') in 0.024452 seconds
  Import took 0.027423 seconds .

========================================================================
Received Import Request.
  Time since last request: 1.517215 seconds.
  path: Assets/MyGames/Textures/PointField/Frames/PointField1P.png
  artifactKey: Guid(eb4b18877dd134cecac72f305a11ea4a) Importer(815301076,1909f56bfc062723c751e8b465ee728b)
Start importing Assets/MyGames/Textures/PointField/Frames/PointField1P.png using Guid(eb4b18877dd134cecac72f305a11ea4a) Importer(815301076,1909f56bfc062723c751e8b465ee728b)  -> (artifact id: 'a93091d8a3f3894b694844f741e77007') in 0.014794 seconds
  Import took 0.017141 seconds .

========================================================================
Received Import Request.
  Time since last request: 152.403215 seconds.
  path: Assets/MyGames/Textures/PointField/Frames/PointField2P_old.png
  artifactKey: Guid(d4b1a9c3fe41848e1829537bc7358b9b) Importer(815301076,1909f56bfc062723c751e8b465ee728b)
Start importing Assets/MyGames/Textures/PointField/Frames/PointField2P_old.png using Guid(d4b1a9c3fe41848e1829537bc7358b9b) Importer(815301076,1909f56bfc062723c751e8b465ee728b)  -> (artifact id: 'e92836c6802881defb924003920c863b') in 0.015027 seconds
  Import took 0.017685 seconds .

========================================================================
Received Import Request.
  Time since last request: 0.718317 seconds.
  path: Assets/MyGames/Textures/PointField/Frames/yuuai_RARE_back.png
  artifactKey: Guid(75b7a07588b19484890ffefc3ccae995) Importer(815301076,1909f56bfc062723c751e8b465ee728b)
Start importing Assets/MyGames/Textures/PointField/Frames/yuuai_RARE_back.png using Guid(75b7a07588b19484890ffefc3ccae995) Importer(815301076,1909f56bfc062723c751e8b465ee728b)  -> (artifact id: '6e3beb2dca68c24a9ea3bf959605c5ee') in 0.017436 seconds
  Import took 0.019880 seconds .

========================================================================
Received Import Request.
  Time since last request: 1.748422 seconds.
  path: Assets/MyGames/Textures/PointField/Frames/PointField2P.png
  artifactKey: Guid(75b7a07588b19484890ffefc3ccae995) Importer(815301076,1909f56bfc062723c751e8b465ee728b)
Start importing Assets/MyGames/Textures/PointField/Frames/PointField2P.png using Guid(75b7a07588b19484890ffefc3ccae995) Importer(815301076,1909f56bfc062723c751e8b465ee728b)  -> (artifact id: '0e3574f76d16f69efbbf82ccebf8ca45') in 0.018563 seconds
  Import took 0.020790 seconds .

